<?xml version="1.0" encoding="UTF-8"?>
<testng-results ignored="0" total="1" passed="1" failed="0" skipped="0">
  <reporter-output>
  </reporter-output>
  <suite started-at="2025-07-09T12:22:34 CDT" name="Default suite" finished-at="2025-07-09T12:23:02 CDT" duration-ms="27632">
    <groups>
    </groups>
    <test started-at="2025-07-09T12:22:34 CDT" name="Default test" finished-at="2025-07-09T12:23:02 CDT" duration-ms="27632">
      <class name="NewDemoTestNG.JSExecutor">
        <test-method is-config="true" signature="SetUp()[pri:0, instance:NewDemoTestNG.JSExecutor@2b662a77]" started-at="2025-07-09T12:22:34 CDT" name="SetUp" finished-at="2025-07-09T12:22:58 CDT" duration-ms="23326" status="PASS">
          <reporter-output>
          </reporter-output>
        </test-method> <!-- SetUp -->
        <test-method signature="scrollandpagetitle()[pri:0, instance:NewDemoTestNG.JSExecutor@2b662a77]" started-at="2025-07-09T12:22:58 CDT" name="scrollandpagetitle" finished-at="2025-07-09T12:23:02 CDT" duration-ms="4269" status="PASS">
          <reporter-output>
          </reporter-output>
        </test-method> <!-- scrollandpagetitle -->
      </class> <!-- NewDemoTestNG.JSExecutor -->
    </test> <!-- Default test -->
  </suite> <!-- Default suite -->
</testng-results>
